# JRE version: OpenJDK Runtime Environment Temurin-17.0.13+11 (17.0.13+11) (build 17.0.13+11)
# Java VM: OpenJDK 64-Bit Server VM Temurin-17.0.13+11 (17.0.13+11, mixed mode, tiered, compressed oops, compressed class ptrs, parallel gc, windows-amd64)
GC Precious Log:
 CPUs: 4 total, 4 available
 Memory: 8117M
 Large Page Support: Disabled
 NUMA Support: Disabled
 Compressed Oops: Enabled (32-bit)
 Alignments: Space 512K, Generation 512K, Heap 2M
 Heap Min Capacity: 100M
 Heap Initial Capacity: 100M
 Heap Max Capacity: 1G
 Pre-touch: Disabled
 Parallel Workers: 4
Heap:
 PSYoungGen      total 1536K, used 1531K [0x00000000eab00000, 0x00000000eb580000, 0x0000000100000000)
  eden space 512K, 100% used [0x00000000eab00000,0x00000000eab80000,0x00000000eab80000)
  from space 1024K, 99% used [0x00000000eae80000,0x00000000eaf7edb8,0x00000000eaf80000)
  to   space 3072K, 0% used [0x00000000eab80000,0x00000000eab80000,0x00000000eae80000)
 ParOldGen       total 326144K, used 325666K [0x00000000c0000000, 0x00000000d3e80000, 0x00000000eab00000)
  object space 326144K, 99% used [0x00000000c0000000,0x00000000d3e08af8,0x00000000d3e80000)
 Metaspace       used 104816K, committed 106304K, reserved 1179648K
  class space    used 10230K, committed 10944K, reserved 1048576K
GC Heap History (20 events):
Event: 4495.146 GC heap after
{Heap after GC invocations=8861 (full 165):
 PSYoungGen      total 3584K, used 676K [0x00000000eab00000, 0x00000000eaf80000, 0x0000000100000000)
  eden space 2560K, 0% used [0x00000000eab00000,0x00000000eab00000,0x00000000ead80000)
  from space 1024K, 66% used [0x00000000ead80000,0x00000000eae29230,0x00000000eae80000)
  to   space 1024K, 0% used [0x00000000eae80000,0x00000000eae80000,0x00000000eaf80000)
 ParOldGen       total 324096K, used 321693K [0x00000000c0000000, 0x00000000d3c80000, 0x00000000eab00000)
  object space 324096K, 99% used [0x00000000c0000000,0x00000000d3a274e8,0x00000000d3c80000)
 Metaspace       used 104638K, committed 105984K, reserved 1179648K
  class space    used 10195K, committed 10816K, reserved 1048576K
}
Event: 4495.266 GC heap before
{Heap before GC invocations=8862 (full 165):
 PSYoungGen      total 3584K, used 3236K [0x00000000eab00000, 0x00000000eaf80000, 0x0000000100000000)
  eden space 2560K, 100% used [0x00000000eab00000,0x00000000ead80000,0x00000000ead80000)
  from space 1024K, 66% used [0x00000000ead80000,0x00000000eae29230,0x00000000eae80000)
  to   space 1024K, 0% used [0x00000000eae80000,0x00000000eae80000,0x00000000eaf80000)
 ParOldGen       total 324096K, used 321693K [0x00000000c0000000, 0x00000000d3c80000, 0x00000000eab00000)
  object space 324096K, 99% used [0x00000000c0000000,0x00000000d3a274e8,0x00000000d3c80000)
 Metaspace       used 104638K, committed 105984K, reserved 1179648K
  class space    used 10195K, committed 10816K, reserved 1048576K
}
Event: 4495.269 GC heap after
{Heap after GC invocations=8862 (full 165):
 PSYoungGen      total 3584K, used 793K [0x00000000eab00000, 0x00000000eaf80000, 0x0000000100000000)
  eden space 2560K, 0% used [0x00000000eab00000,0x00000000eab00000,0x00000000ead80000)
  from space 1024K, 77% used [0x00000000eae80000,0x00000000eaf46450,0x00000000eaf80000)
  to   space 1024K, 0% used [0x00000000ead80000,0x00000000ead80000,0x00000000eae80000)
 ParOldGen       total 324096K, used 321693K [0x00000000c0000000, 0x00000000d3c80000, 0x00000000eab00000)
  object space 324096K, 99% used [0x00000000c0000000,0x00000000d3a274e8,0x00000000d3c80000)
 Metaspace       used 104638K, committed 105984K, reserved 1179648K
  class space    used 10195K, committed 10816K, reserved 1048576K
}
Event: 4495.288 GC heap before
{Heap before GC invocations=8863 (full 165):
 PSYoungGen      total 3584K, used 3353K [0x00000000eab00000, 0x00000000eaf80000, 0x0000000100000000)
  eden space 2560K, 100% used [0x00000000eab00000,0x00000000ead80000,0x00000000ead80000)
  from space 1024K, 77% used [0x00000000eae80000,0x00000000eaf46450,0x00000000eaf80000)
  to   space 1024K, 0% used [0x00000000ead80000,0x00000000ead80000,0x00000000eae80000)
 ParOldGen       total 324096K, used 321693K [0x00000000c0000000, 0x00000000d3c80000, 0x00000000eab00000)
  object space 324096K, 99% used [0x00000000c0000000,0x00000000d3a274e8,0x00000000d3c80000)
 Metaspace       used 104638K, committed 105984K, reserved 1179648K
  class space    used 10195K, committed 10816K, reserved 1048576K
}
Event: 4495.291 GC heap after
{Heap after GC invocations=8863 (full 165):
 PSYoungGen      total 3584K, used 1017K [0x00000000eab00000, 0x00000000eb080000, 0x0000000100000000)
  eden space 2560K, 0% used [0x00000000eab00000,0x00000000eab00000,0x00000000ead80000)
  from space 1024K, 99% used [0x00000000ead80000,0x00000000eae7e450,0x00000000eae80000)
  to   space 1536K, 0% used [0x00000000eaf00000,0x00000000eaf00000,0x00000000eb080000)
 ParOldGen       total 324096K, used 321909K [0x00000000c0000000, 0x00000000d3c80000, 0x00000000eab00000)
  object space 324096K, 99% used [0x00000000c0000000,0x00000000d3a5d508,0x00000000d3c80000)
 Metaspace       used 104638K, committed 105984K, reserved 1179648K
  class space    used 10195K, committed 10816K, reserved 1048576K
}
Event: 4495.716 GC heap before
{Heap before GC invocations=8864 (full 165):
 PSYoungGen      total 3584K, used 3577K [0x00000000eab00000, 0x00000000eb080000, 0x0000000100000000)
  eden space 2560K, 100% used [0x00000000eab00000,0x00000000ead80000,0x00000000ead80000)
  from space 1024K, 99% used [0x00000000ead80000,0x00000000eae7e450,0x00000000eae80000)
  to   space 1536K, 0% used [0x00000000eaf00000,0x00000000eaf00000,0x00000000eb080000)
 ParOldGen       total 324096K, used 321909K [0x00000000c0000000, 0x00000000d3c80000, 0x00000000eab00000)
  object space 324096K, 99% used [0x00000000c0000000,0x00000000d3a5d508,0x00000000d3c80000)
 Metaspace       used 104638K, committed 105984K, reserved 1179648K
  class space    used 10195K, committed 10816K, reserved 1048576K
}
Event: 4495.719 GC heap after
{Heap after GC invocations=8864 (full 165):
 PSYoungGen      total 4096K, used 1278K [0x00000000eab00000, 0x00000000eb080000, 0x0000000100000000)
  eden space 2560K, 0% used [0x00000000eab00000,0x00000000eab00000,0x00000000ead80000)
  from space 1536K, 83% used [0x00000000eaf00000,0x00000000eb03fb50,0x00000000eb080000)
  to   space 1536K, 0% used [0x00000000ead80000,0x00000000ead80000,0x00000000eaf00000)
 ParOldGen       total 324096K, used 321941K [0x00000000c0000000, 0x00000000d3c80000, 0x00000000eab00000)
  object space 324096K, 99% used [0x00000000c0000000,0x00000000d3a65508,0x00000000d3c80000)
 Metaspace       used 104638K, committed 105984K, reserved 1179648K
  class space    used 10195K, committed 10816K, reserved 1048576K
}
Event: 4495.734 GC heap before
{Heap before GC invocations=8865 (full 165):
 PSYoungGen      total 4096K, used 3838K [0x00000000eab00000, 0x00000000eb080000, 0x0000000100000000)
  eden space 2560K, 100% used [0x00000000eab00000,0x00000000ead80000,0x00000000ead80000)
  from space 1536K, 83% used [0x00000000eaf00000,0x00000000eb03fb50,0x00000000eb080000)
  to   space 1536K, 0% used [0x00000000ead80000,0x00000000ead80000,0x00000000eaf00000)
 ParOldGen       total 324096K, used 321941K [0x00000000c0000000, 0x00000000d3c80000, 0x00000000eab00000)
  object space 324096K, 99% used [0x00000000c0000000,0x00000000d3a65508,0x00000000d3c80000)
 Metaspace       used 104638K, committed 105984K, reserved 1179648K
  class space    used 10195K, committed 10816K, reserved 1048576K
}
Event: 4495.736 GC heap after
{Heap after GC invocations=8865 (full 165):
 PSYoungGen      total 4096K, used 1209K [0x00000000eab00000, 0x00000000eb080000, 0x0000000100000000)
  eden space 2560K, 0% used [0x00000000eab00000,0x00000000eab00000,0x00000000ead80000)
  from space 1536K, 78% used [0x00000000ead80000,0x00000000eaeae450,0x00000000eaf00000)
  to   space 1536K, 0% used [0x00000000eaf00000,0x00000000eaf00000,0x00000000eb080000)
 ParOldGen       total 324096K, used 321981K [0x00000000c0000000, 0x00000000d3c80000, 0x00000000eab00000)
  object space 324096K, 99% used [0x00000000c0000000,0x00000000d3a6f508,0x00000000d3c80000)
 Metaspace       used 104638K, committed 105984K, reserved 1179648K
  class space    used 10195K, committed 10816K, reserved 1048576K
}
Event: 4496.031 GC heap before
{Heap before GC invocations=8866 (full 165):
 PSYoungGen      total 4096K, used 3763K [0x00000000eab00000, 0x00000000eb080000, 0x0000000100000000)
  eden space 2560K, 99% used [0x00000000eab00000,0x00000000ead7e868,0x00000000ead80000)
  from space 1536K, 78% used [0x00000000ead80000,0x00000000eaeae450,0x00000000eaf00000)
  to   space 1536K, 0% used [0x00000000eaf00000,0x00000000eaf00000,0x00000000eb080000)
 ParOldGen       total 324096K, used 321981K [0x00000000c0000000, 0x00000000d3c80000, 0x00000000eab00000)
  object space 324096K, 99% used [0x00000000c0000000,0x00000000d3a6f508,0x00000000d3c80000)
 Metaspace       used 104638K, committed 105984K, reserved 1179648K
  class space    used 10195K, committed 10816K, reserved 1048576K
}
Event: 4496.033 GC heap after
{Heap after GC invocations=8866 (full 165):
 PSYoungGen      total 3584K, used 826K [0x00000000eab00000, 0x00000000eb000000, 0x0000000100000000)
  eden space 2560K, 0% used [0x00000000eab00000,0x00000000eab00000,0x00000000ead80000)
  from space 1024K, 80% used [0x00000000eaf00000,0x00000000eafce940,0x00000000eb000000)
  to   space 1024K, 0% used [0x00000000eae00000,0x00000000eae00000,0x00000000eaf00000)
 ParOldGen       total 324096K, used 322401K [0x00000000c0000000, 0x00000000d3c80000, 0x00000000eab00000)
  object space 324096K, 99% used [0x00000000c0000000,0x00000000d3ad8748,0x00000000d3c80000)
 Metaspace       used 104638K, committed 105984K, reserved 1179648K
  class space    used 10195K, committed 10816K, reserved 1048576K
}
Event: 4496.048 GC heap before
{Heap before GC invocations=8867 (full 165):
 PSYoungGen      total 3584K, used 3386K [0x00000000eab00000, 0x00000000eb000000, 0x0000000100000000)
  eden space 2560K, 100% used [0x00000000eab00000,0x00000000ead80000,0x00000000ead80000)
  from space 1024K, 80% used [0x00000000eaf00000,0x00000000eafce940,0x00000000eb000000)
  to   space 1024K, 0% used [0x00000000eae00000,0x00000000eae00000,0x00000000eaf00000)
 ParOldGen       total 324096K, used 322401K [0x00000000c0000000, 0x00000000d3c80000, 0x00000000eab00000)
  object space 324096K, 99% used [0x00000000c0000000,0x00000000d3ad8748,0x00000000d3c80000)
 Metaspace       used 104638K, committed 105984K, reserved 1179648K
  class space    used 10195K, committed 10816K, reserved 1048576K
}
Event: 4496.050 GC heap after
{Heap after GC invocations=8867 (full 165):
 PSYoungGen      total 3584K, used 942K [0x00000000eab00000, 0x00000000eaf80000, 0x0000000100000000)
  eden space 2560K, 0% used [0x00000000eab00000,0x00000000eab00000,0x00000000ead80000)
  from space 1024K, 92% used [0x00000000eae00000,0x00000000eaeebb40,0x00000000eaf00000)
  to   space 512K, 0% used [0x00000000eaf00000,0x00000000eaf00000,0x00000000eaf80000)
 ParOldGen       total 324096K, used 322553K [0x00000000c0000000, 0x00000000d3c80000, 0x00000000eab00000)
  object space 324096K, 99% used [0x00000000c0000000,0x00000000d3afe748,0x00000000d3c80000)
 Metaspace       used 104638K, committed 105984K, reserved 1179648K
  class space    used 10195K, committed 10816K, reserved 1048576K
}
Event: 7505.679 GC heap before
{Heap before GC invocations=8868 (full 165):
 PSYoungGen      total 3584K, used 3502K [0x00000000eab00000, 0x00000000eaf80000, 0x0000000100000000)
  eden space 2560K, 100% used [0x00000000eab00000,0x00000000ead80000,0x00000000ead80000)
  from space 1024K, 92% used [0x00000000eae00000,0x00000000eaeebb40,0x00000000eaf00000)
  to   space 512K, 0% used [0x00000000eaf00000,0x00000000eaf00000,0x00000000eaf80000)
 ParOldGen       total 324096K, used 322553K [0x00000000c0000000, 0x00000000d3c80000, 0x00000000eab00000)
  object space 324096K, 99% used [0x00000000c0000000,0x00000000d3afe748,0x00000000d3c80000)
 Metaspace       used 104709K, committed 106112K, reserved 1179648K
  class space    used 10215K, committed 10880K, reserved 1048576K
}
Event: 7505.683 GC heap after
{Heap after GC invocations=8868 (full 165):
 PSYoungGen      total 3072K, used 512K [0x00000000eab00000, 0x00000000eb080000, 0x0000000100000000)
  eden space 2560K, 0% used [0x00000000eab00000,0x00000000eab00000,0x00000000ead80000)
  from space 512K, 100% used [0x00000000eaf00000,0x00000000eaf80000,0x00000000eaf80000)
  to   space 1536K, 0% used [0x00000000ead80000,0x00000000ead80000,0x00000000eaf00000)
 ParOldGen       total 324096K, used 323061K [0x00000000c0000000, 0x00000000d3c80000, 0x00000000eab00000)
  object space 324096K, 99% used [0x00000000c0000000,0x00000000d3b7d520,0x00000000d3c80000)
 Metaspace       used 104709K, committed 106112K, reserved 1179648K
  class space    used 10215K, committed 10880K, reserved 1048576K
}
Event: 7505.996 GC heap before
{Heap before GC invocations=8869 (full 165):
 PSYoungGen      total 3072K, used 3063K [0x00000000eab00000, 0x00000000eb080000, 0x0000000100000000)
  eden space 2560K, 99% used [0x00000000eab00000,0x00000000ead7dda0,0x00000000ead80000)
  from space 512K, 100% used [0x00000000eaf00000,0x00000000eaf80000,0x00000000eaf80000)
  to   space 1536K, 0% used [0x00000000ead80000,0x00000000ead80000,0x00000000eaf00000)
 ParOldGen       total 324096K, used 323061K [0x00000000c0000000, 0x00000000d3c80000, 0x00000000eab00000)
  object space 324096K, 99% used [0x00000000c0000000,0x00000000d3b7d520,0x00000000d3c80000)
 Metaspace       used 104816K, committed 106304K, reserved 1179648K
  class space    used 10230K, committed 10944K, reserved 1048576K
}
Event: 7505.998 GC heap after
{Heap after GC invocations=8869 (full 165):
 PSYoungGen      total 3584K, used 763K [0x00000000eab00000, 0x00000000eaf80000, 0x0000000100000000)
  eden space 2560K, 0% used [0x00000000eab00000,0x00000000eab00000,0x00000000ead80000)
  from space 1024K, 74% used [0x00000000ead80000,0x00000000eae3edb8,0x00000000eae80000)
  to   space 1024K, 0% used [0x00000000eae80000,0x00000000eae80000,0x00000000eaf80000)
 ParOldGen       total 324096K, used 323437K [0x00000000c0000000, 0x00000000d3c80000, 0x00000000eab00000)
  object space 324096K, 99% used [0x00000000c0000000,0x00000000d3bdb520,0x00000000d3c80000)
 Metaspace       used 104816K, committed 106304K, reserved 1179648K
  class space    used 10230K, committed 10944K, reserved 1048576K
}
Event: 7506.021 GC heap before
{Heap before GC invocations=8870 (full 165):
 PSYoungGen      total 3584K, used 3323K [0x00000000eab00000, 0x00000000eaf80000, 0x0000000100000000)
  eden space 2560K, 100% used [0x00000000eab00000,0x00000000ead80000,0x00000000ead80000)
  from space 1024K, 74% used [0x00000000ead80000,0x00000000eae3edb8,0x00000000eae80000)
  to   space 1024K, 0% used [0x00000000eae80000,0x00000000eae80000,0x00000000eaf80000)
 ParOldGen       total 324096K, used 323437K [0x00000000c0000000, 0x00000000d3c80000, 0x00000000eab00000)
  object space 324096K, 99% used [0x00000000c0000000,0x00000000d3bdb520,0x00000000d3c80000)
 Metaspace       used 104816K, committed 106304K, reserved 1179648K
  class space    used 10230K, committed 10944K, reserved 1048576K
}
Event: 7506.025 GC heap after
{Heap after GC invocations=8870 (full 165):
 PSYoungGen      total 1536K, used 1019K [0x00000000eab00000, 0x00000000eb580000, 0x0000000100000000)
  eden space 512K, 0% used [0x00000000eab00000,0x00000000eab00000,0x00000000eab80000)
  from space 1024K, 99% used [0x00000000eae80000,0x00000000eaf7edb8,0x00000000eaf80000)
  to   space 3072K, 0% used [0x00000000eab80000,0x00000000eab80000,0x00000000eae80000)
 ParOldGen       total 326144K, used 325666K [0x00000000c0000000, 0x00000000d3e80000, 0x00000000eab00000)
  object space 326144K, 99% used [0x00000000c0000000,0x00000000d3e08af8,0x00000000d3e80000)
 Metaspace       used 104816K, committed 106304K, reserved 1179648K
  class space    used 10230K, committed 10944K, reserved 1048576K
}
Event: 7506.229 GC heap before
{Heap before GC invocations=8871 (full 166):
 PSYoungGen      total 1536K, used 1531K [0x00000000eab00000, 0x00000000eb580000, 0x0000000100000000)
  eden space 512K, 100% used [0x00000000eab00000,0x00000000eab80000,0x00000000eab80000)
  from space 1024K, 99% used [0x00000000eae80000,0x00000000eaf7edb8,0x00000000eaf80000)
  to   space 3072K, 0% used [0x00000000eab80000,0x00000000eab80000,0x00000000eae80000)
 ParOldGen       total 326144K, used 325666K [0x00000000c0000000, 0x00000000d3e80000, 0x00000000eab00000)
  object space 326144K, 99% used [0x00000000c0000000,0x00000000d3e08af8,0x00000000d3e80000)
 Metaspace       used 104816K, committed 106304K, reserved 1179648K
  class space    used 10230K, committed 10944K, reserved 1048576K
}

